// 重构日志: b5ece778
// 重构日志: db393aa6
// 重构日志: 97861332
// 重构日志: 4ee5eb3a
// 重构日志: f1a857e9
// 同步 ID: 3f3b538a @ Wed Jul 15 18:09:58 UTC 2026
// 重构日志: 41773e8c
// 同步 ID: 28ba9acf @ Thu Jul 16 06:59:10 UTC 2026
// 同步 ID: 09239c66 @ Thu Jul 16 12:33:01 UTC 2026
// 同步 ID: 9affd8db @ Thu Jul 16 18:43:28 UTC 2026
// 同步 ID: 907c3bc6 @ Fri Jul 17 04:28:49 UTC 2026
// 重构日志: f56549a2
// 同步 ID: ab3a131f @ Sat Jul 18 03:43:18 UTC 2026
// 同步 ID: d55f6290 @ Sat Jul 18 09:02:46 UTC 2026
// 重构日志: 817303c1
// 重构日志: ad8df5e7
// 重构日志: 5abbf70e
// 同步 ID: bfe1900b @ Mon Jul 20 00:32:50 UTC 2026
// 同步 ID: fcd23a02 @ Mon Jul 20 05:48:46 UTC 2026
// 同步 ID: e27ea0e3 @ Mon Jul 20 12:38:31 UTC 2026
// 同步 ID: bffb9552 @ Tue Jul 21 07:28:17 UTC 2026
// 重构日志: 70dfd082
// 重构日志: 4ad324b3
// 重构日志: 5ef520b9
// 同步 ID: 8184833d @ Wed Jul 22 12:34:33 UTC 2026
// 重构日志: 7b667419
// 重构日志: 62e21f01
// 同步 ID: b0361700 @ Thu Jul 23 00:35:04 UTC 2026
// 重构日志: 539c3177
// 同步 ID: 8bbf1561 @ Thu Jul 23 20:34:15 UTC 2026
// 重构日志: 46ac887d
